these 3 derivations will be built:
  /nix/store/iy93dryzlvkd91rhgdm7b3xjcmmgshyp-graph-refine-inputs.drv
  /nix/store/llddgfaks1gls4qhbfbhpbd8w80iqn3p-graph-refine-just-stack-bounds.drv
  /nix/store/wmx3ism6vbmx2hn7q5v1g4vzzwlai5j1-graph-refine-all-with-new-solverlist.drv
building '/nix/store/iy93dryzlvkd91rhgdm7b3xjcmmgshyp-graph-refine-inputs.drv'...
unpacking sources
unpacking source archive /nix/store/1jyis2gwkbl7ar9kcb23rm3wz5q3zp92-src
source root is src
patching sources
patching script interpreter paths in .
./graph-refine/seL4-example/configure_default.sh: interpreter directive changed from "#! /bin/bash" to "/nix/store/lf0wpjrj8yx4gsmw2s3xfl58ixmqk8qa-bash-5.2-p15/bin/bash"
updateAutotoolsGnuConfigScriptsPhase
configuring
building
rm -rf target/ARM-O2/build
mkdir -p target/ARM-O2/build
cd target/ARM-O2/build && \
cmake -C /build/src/seL4/configs/ARM_verified.cmake \
        -DCROSS_COMPILER_PREFIX=arm-none-eabi- \
        -DCMAKE_TOOLCHAIN_FILE=/build/src/seL4/gcc.cmake \
        -DKernelDomainSchedule=/build/src/l4v/spec/cspec/c/config_sched.c \
        -DUMM_TYPES=/build/src/graph-refine/seL4-example/target/ARM-O2/build/umm_types.txt \
        -DCSPEC_DIR=/build/src/l4v/spec/cspec -DKernelOptimisation=-O2 \
        -G Ninja /build/src/seL4
loading initial cache file /build/src/seL4/configs/ARM_verified.cmake
-- platform imx6 supports multiple sub platforms, none was given
--   defaulting to: sabre
-- The C compiler identification is GNU 8.5.0
-- The ASM compiler identification is GNU
-- Found assembler: /nix/store/pfilkkpx1v47m3h5h002899ywpwq9c86-arm-none-eabi-stage-final-gcc-8.5.0/bin/arm-none-eabi-gcc
-- Detecting C compiler ABI info
-- Detecting C compiler ABI info - done
-- Check for working C compiler: /nix/store/pfilkkpx1v47m3h5h002899ywpwq9c86-arm-none-eabi-stage-final-gcc-8.5.0/bin/arm-none-eabi-gcc - skipped
-- Detecting C compile features
-- Detecting C compile features - done
-- /build/src/graph-refine/seL4-example/target/ARM-O2/build/gen_headers/plat/machine/devices_gen.h is out of date. Regenerating...
WARNING:root:Only mapping 4096/16384 bytes from node /soc/aips-bus@2100000/serial@21e8000, region 0. Set kernel_size in YAML to silence.
interrupts for device /soc/aips-bus@2100000/serial@21e8000
interrupts for device /soc/interrupt-controller@a01000
interrupts for device /soc/l2-cache@a02000
interrupts for device /soc/timer@a00600
-- Configuring done (1.0s)
-- Generating done (0.0s)
-- Build files have been written to: /build/src/graph-refine/seL4-example/target/ARM-O2/build
touch target/ARM-O2/build/.cmake_done
cd target/ARM-O2/build && ninja kernel_all_pp_wrapper
[3/21] Generate invocation header gen_headers/arch/api/sel4_invocation.h
/build/src/seL4/tools/invocation_header_gen.py:16: DeprecationWarning: pkg_resources is deprecated as an API. See https://setuptools.pypa.io/en/latest/pkg_resources.html
  import pkg_resources
[4/21] Generate syscall invocations
/build/src/seL4/tools/syscall_header_gen.py:17: DeprecationWarning: pkg_resources is deprecated as an API. See https://setuptools.pypa.io/en/latest/pkg_resources.html
  import pkg_resources
[5/21] Generate invocation header gen_headers/arch/api/invocation.h
/build/src/seL4/tools/invocation_header_gen.py:16: DeprecationWarning: pkg_resources is deprecated as an API. See https://setuptools.pypa.io/en/latest/pkg_resources.html
  import pkg_resources
[6/21] Generate invocation header gen_headers/api/invocation.h
/build/src/seL4/tools/invocation_header_gen.py:16: DeprecationWarning: pkg_resources is deprecated as an API. See https://setuptools.pypa.io/en/latest/pkg_resources.html
  import pkg_resources
[21/21] Generating kernel_all_pp.ckernel_i_wrapper_temp_lib.dir/kernel_all_copy.c.obj_target_11_pbf_temp.c.obj
cp -a target/ARM-O2/build/kernel_all_pp.c target/ARM-O2/build/kernel_all.c_pp
diff -q --ignore-matching-lines='^#' /build/src/l4v/spec/cspec/c/build/ARM/kernel_all.c_pp target/ARM-O2/build/kernel_all.c_pp
cd target/ARM-O2/build && ninja kernel.elf
[10/10] Linking C executable kernel.elf.elf.dir/kernel_all.c.objraps.S.objine_asm.S.obj
/nix/store/d7dj9mzmzkc3r5ybqp5hq6r3nz6xwwlj-arm-none-eabi-binutils-2.40/bin/arm-none-eabi-ld: warning: kernel.elf has a LOAD segment with RWX permissions
arm-none-eabi-objdump -z -D target/ARM-O2/build/kernel.elf > target/ARM-O2/build/kernel.elf.rodata
cp target/ARM-O2/build/kernel.elf.rodata target/ARM-O2/kernel.elf.rodata
arm-none-eabi-objdump -t target/ARM-O2/build/kernel.elf > target/ARM-O2/build/kernel.elf.symtab
cp target/ARM-O2/build/kernel.elf.symtab target/ARM-O2/kernel.elf.symtab
arm-none-eabi-objdump -dz target/ARM-O2/build/kernel.elf > target/ARM-O2/build/kernel.elf.txt
cp target/ARM-O2/build/kernel.elf.txt target/ARM-O2/kernel.elf.txt
MAKEFILES= make -C /build/src/l4v/tools/c-parser/standalone-parser standalone-cparser
make[1]: Entering directory '/build/src/l4v/tools/c-parser/standalone-parser'
make[1]: Nothing to be done for 'standalone-cparser'.
make[1]: Leaving directory '/build/src/l4v/tools/c-parser/standalone-parser'
/build/src/l4v/tools/c-parser/standalone-parser/c-parser ARM --underscore_idents --mmbytes target/ARM-O2/build/kernel_all.c_pp > target/ARM-O2/build/kernel.sigs.tmp
mv target/ARM-O2/build/kernel.sigs.tmp target/ARM-O2/build/kernel.sigs
cp target/ARM-O2/build/kernel.sigs target/ARM-O2/kernel.sigs
cd target/ARM-O2 && PATH=/build/src/HOL4/bin:/nix/store/i9dgn6ymv732q5gzw669y6y9zxsv3x2z-rsync-3.2.7/bin:/nix/store/whwwhd6ns271bj0ff86ap37i9r9kzi9c-git-2.42.0/bin:/nix/store/3nz3lxfn4yhcmgxrpbx8lbvk5d5bsmyx-perl-5.38.0/bin:/nix/store/9nv3dvvc4phxrpm3nhnpnqbajpk7jgh4-hostname-net-tools-2.10/bin:/nix/store/2icwb6ins2d88hszsabw2f3gxrpn9k7r-which-2.21/bin:/nix/store/5h0akwq4cwlc3yp92i84nfgcxpv5xv79-cmake-3.26.4/bin:/nix/store/jyk3j4632ldxsikjq0syjlj16i12jfsx-ninja-1.11.1/bin:/nix/store/1d44vbsz69iny0s668qipds6lsfspdd5-dtc-1.7.0/bin:/nix/store/9vzgjwxd7fqv30haynd17nhisa2n6j6q-libxml2-2.11.5-dev/bin:/nix/store/0c2jlyrxqsl6l09fq2r6051nv8f2i1dr-libxml2-2.11.5-bin/bin:/nix/store/x8a9x9qx8g9ynksv4sb1kwcxy00rfxy3-polyml/bin:/nix/store/dvk4g56mj6fsmv23fl2m6imzxxz31kdl-mlton-20180207/bin:/nix/store/y9bv8v5h4fm7imwbc1smjwixbgsj5zjq-python-2.7.18.7/bin:/nix/store/ffll6glz3gwx342z0ch8wx30p5cnqz1z-python3-3.11.5/bin:/nix/store/m9bqqxaycssqr9pr1zdm2scspwgvm3mv-python3.11-future-0.18.3/bin:/nix/store/zvidxcjzvqj5y77qczrk5yr2g25s4nx4-python3.11-babel-2.12.1/bin:/nix/store/sx35sjaq6pqxwnsyhnwm0v6zwcpzhgz6-python3.11-chardet-5.2.0/bin:/nix/store/9kv4kccqmfdybaggas50psdr7ch5cjw6-python3.11-pyaml-23.9.6/bin:/nix/store/9hphza2rv4wbf5vnd83dl8wwlx5vdbbb-python3.11-jsonschema-4.19.0/bin:/nix/store/3wpn1v3sgq6x3bpjf2nb99qkfvmy5c3c-python3.11-pyfdt-0.3/bin:/nix/store/a3dxidk3m4mqsxsc0hbfdf9163k1p49i-python3.11-cmake_format-0.4.5/bin:/nix/store/h66z6n2il8z2sywgfwr6al67lk4w86dj-python3.11-guardonce-2.4.0/bin:/nix/store/f7jbyj9gwhh91lnz14ph44fggz5l8hqn-python3.11-autopep8-1.4.3/bin:/nix/store/dvx8q8drlbcjnf2v731jrl36xbq5a0r6-python3.11-pycodestyle-2.11.0/bin:/nix/store/4bngkxfpm07d0bj00hcfncjiy6ww8fl8-python3.11-pyelftools-0.29/bin:/nix/store/pfilkkpx1v47m3h5h002899ywpwq9c86-arm-none-eabi-stage-final-gcc-8.5.0/bin:/nix/store/d7dj9mzmzkc3r5ybqp5hq6r3nz6xwwlj-arm-none-eabi-binutils-2.40/bin:/nix/store/znqwpxy9jlxcgi2ms2hga0ch87bbbr9g-patchelf-0.15.0/bin:/nix/store/zlzz2z48s7ry0hkl55xiqp5a73b4mzrg-gcc-wrapper-12.3.0/bin:/nix/store/0b9bsznqs6pdg42dxcwvrlmarjn2p6a1-gcc-12.3.0/bin:/nix/store/nvh3jgs8pqghnsfzbv28004xkigiw8gc-glibc-2.38-23-bin/bin:/nix/store/vwkvhj69z4qqgmpa2lwm97kabf12p26r-coreutils-9.3/bin:/nix/store/h8d2j0prdf7pnpgyrgkxrrbfwnmxbq6y-binutils-wrapper-2.40/bin:/nix/store/p58l5qmzifl20qmjs3xfpl01f0mqlza2-binutils-2.40/bin:/nix/store/vwkvhj69z4qqgmpa2lwm97kabf12p26r-coreutils-9.3/bin:/nix/store/qyzfglbrqb5ck0dgljplin2bvc4995w7-findutils-4.9.0/bin:/nix/store/x6y2i213maj6ibcn0qzgg7graif5qcvi-diffutils-3.10/bin:/nix/store/g5p3ky90xa05ggg5szyb0pbbl2vp7n03-gnused-4.9/bin:/nix/store/p2r51wfg9m3ga7pp7avslpfhfa7w5y83-gnugrep-3.11/bin:/nix/store/cmn958i8qym0qvmvydl23fh3bm3fbhl7-gawk-5.2.2/bin:/nix/store/f5qy259g9b4qh0hwz22z5j5bq3m53cpv-gnutar-1.35/bin:/nix/store/kmr52zpw7wazxywqvzgpdx0vnn9prd3v-gzip-1.13/bin:/nix/store/w1mar48lwkavwy64mvj567lwaqnm2l11-bzip2-1.0.8-bin/bin:/nix/store/9dh2csn531by6b1vr9jv85v4k17xwkid-gnumake-4.4.1/bin:/nix/store/lf0wpjrj8yx4gsmw2s3xfl58ixmqk8qa-bash-5.2-p15/bin:/nix/store/pinwlz7294p37d2sbkdpjildzxii42vv-patch-2.7.6/bin:/nix/store/skrzk0g88jf9rg28labqsyxv7gg357q1-xz-5.4.4-bin/bin:/nix/store/h5pshzq92r2xcv6w1p10cmkar4nyv0xp-file-5.45/bin /build/src/HOL4/examples/machine-code/graph/decompile.py --fast ./kernel --ignore=restore_user_context,c_handle_fastpath_call,c_handle_fastpath_reply_recv
Building dependencies ...done.
Decompiling /build/src/graph-refine/seL4-example/target/ARM-O2/kernel ... (output in /build/src/graph-refine/seL4-example/target/ARM-O2/kernel_output.txt)done.
Summary
=======

No stack intro failures.
Graph spec failed in _start for pos 0xe0000008.
Graph spec failed in _start for pos 0xe0000008.
No export failures.
No call offset failures.
> mv target/ARM-O2/kernel_mc_graph.txt target/ARM-O2/ASMFunctions.txt
# FIXME: the following path should really depend on L4V_FEATURES.
cp /build/src/l4v/proof/asmrefine/export/ARM/CFunDump.txt target/ARM-O2/CFunctions.txt
cp target.py target/ARM-O2/target.py
buildPhase completed in 39 minutes 50 seconds
installing
building '/nix/store/llddgfaks1gls4qhbfbhpbd8w80iqn3p-graph-refine-just-stack-bounds.drv'...
Loading syntax from ./CFunctions.txt
Loaded 835 functions, 75 structs, 0 globals.
Loading syntax from ./ASMFunctions.txt
Missing nodes after calls to instruction'udf_0_E00017A0
  in ['create_ipcbuf_frame_cap']
Missing nodes after calls to instruction'isb_sy_E00009F0
  in ['fpsimd_HWCapTest']
Missing nodes after calls to halt
  in ['handleReply', 'Arch_createObject', 'setMRs_syscall_error', 'Arch_getObjectSize', 'init_freemem', 'completeSignal', 'handleVMFault', 'unmapPage', 'performPDFlush', 'finaliseCap', 'maskCapRights', 'setMRs_fault', 'decodeInvocation', 'cteDelete', 'Arch_setMRs_fault', 'makeUserPDE_constprop_200', 'handleInterrupt', 'Arch_deriveCap', 'handleFaultReply', 'map_kernel_frame', 'handleSyscall', 'arm_reset_exception', 'invokeCNodeSaveCaller', 'Arch_handleFaultReply']
Missing nodes after calls to instruction'udf_0_E00027E4
  in ['create_it_asid_pool']
Missing nodes after calls to instruction'udf_0_E0001490
  in ['create_domain_cap']
Missing nodes after calls to restore_user_context
  in ['c_handle_undefined_instruction', 'c_handle_vm_fault', 'c_handle_interrupt']
Missing nodes after calls to instruction'udf_0_E0003DA8
  in ['create_initial_thread']
Missing nodes after calls to instruction'udf_0_E0001A44
  in ['create_bi_frame_cap']
Missing nodes after calls to c_handle_vm_fault
  in ['c_handle_data_fault']
Missing nodes after calls to instruction'ldr_pc_pc_20_e0010038_arm_vector_table_0x38_E001001C
  in ['arm_vector_table']
Missing nodes after calls to instruction'udf_0_E0002200
  in ['create_it_address_space']
Warning: dead arc in c_handle_syscall: 27 -> 3758163776
  (follows Basic node!)
Warning: dead arc in c_handle_syscall: 29 -> 3758163776
  (follows Basic node!)
Warning: dead arc in c_handle_instruction_fault: 3758162332 -> 3758162336
  (follows Basic node!)
Warning: dead arc in arm_fiq_exception: 7 -> 3758162208
  (follows Basic node!)
Warning: dead arc in arm_fiq_exception: 9 -> 3758162208
  (follows Basic node!)
Warning: dead arc in _start: 3758096388 -> 3758096392
  (follows Basic node!)
Loaded 563 functions, 0 structs, 0 globals.
Pseudo-Compiling.
Doing stack/inst logic.
Computing stack bounds.
Doing recursion analysis for function group:
  ['Kernel_C.deletingIRQHandler', 'Kernel_C.finaliseCap', 'Kernel_C.suspend', 'Kernel_C.cancelIPC', 'Kernel_C.cteDeleteOne']
Doing recursion analysis for function group:
  ['Kernel_C.reduceZombie', 'Kernel_C.cteDelete', 'Kernel_C.finaliseSlot']
Computed recursion limits.
Doing stack analysis for 'Arch_activateIdleThread'. (1 of 510)
Doing stack analysis for 'Arch_configureIdleThread'. (2 of 510)
Doing stack analysis for 'Arch_createObject'. (3 of 510)
Doing stack analysis for 'Arch_decodeIRQControlInvocation'. (4 of 510)
  (stack analysis also involves scheduleTCB_part_174, setThreadState_part_175)
Doing stack analysis for 'Arch_decodeInvocation'. (5 of 510)
Doing stack analysis for 'Arch_decodeTransfer'. (6 of 510)
Doing stack analysis for 'Arch_deriveCap'. (7 of 510)
Doing stack analysis for 'Arch_finaliseCap'. (8 of 510)
Doing stack analysis for 'Arch_getObjectSize'. (9 of 510)
Doing stack analysis for 'Arch_handleFaultReply'. (10 of 510)
Doing stack analysis for 'Arch_isFrameType'. (11 of 510)
Doing stack analysis for 'Arch_maskCapRights'. (12 of 510)
Doing stack analysis for 'Arch_performTransfer'. (13 of 510)
Doing stack analysis for 'Arch_postModifyRegisters'. (14 of 510)
Doing stack analysis for 'Arch_prepareThreadDelete'. (15 of 510)
Doing stack analysis for 'Arch_sameObjectAs'. (16 of 510)
Doing stack analysis for 'Arch_sameRegionAs'. (17 of 510)
Doing stack analysis for 'Arch_setMRs_fault'. (18 of 510)
Doing stack analysis for 'Arch_switchToIdleThread'. (19 of 510)
Doing stack analysis for 'Arch_switchToThread'. (20 of 510)
Doing stack analysis for 'Arch_updateCapData'. (21 of 510)
Doing stack analysis for 'activateThread'. (22 of 510)
  (stack analysis also involves scheduleTCB_part_174, setThreadState_part_175)
Doing stack analysis for 'activate_global_pd'. (23 of 510)
Doing stack analysis for 'arch_clean_invalidate_L1_caches'. (24 of 510)
Aborting Problem (Function (arch_clean_invalidate_L1_caches)), complex loop
Doing stack analysis for 'arch_clean_invalidate_caches'. (25 of 510)
Doing stack analysis for 'arch_get_n_paging'. (26 of 510)
Doing stack analysis for 'arm_errata'. (27 of 510)
Doing stack analysis for 'armv_init_user_access'. (28 of 510)
Doing stack analysis for 'bi_finalise'. (29 of 510)
Doing stack analysis for 'bindNotification'. (30 of 510)
Doing stack analysis for 'branchFlushRange'. (31 of 510)
Doing stack analysis for 'c_handle_data_fault'. (32 of 510)
Doing stack analysis for 'c_handle_fastpath_call'. (33 of 510)
Doing stack analysis for 'c_handle_fastpath_reply_recv'. (34 of 510)
Doing stack analysis for 'c_handle_instruction_fault'. (35 of 510)
Doing stack analysis for 'c_handle_interrupt'. (36 of 510)
Doing stack analysis for 'c_handle_undefined_instruction'. (37 of 510)
Doing stack analysis for 'c_handle_vm_fault'. (38 of 510)
Doing stack analysis for 'calculate_extra_bi_size_bits'. (39 of 510)
  (stack analysis also involves calculate_extra_bi_size_bits_part_168)
Doing stack analysis for 'calculate_extra_bi_size_bits_part_168'. (40 of 510)
Doing stack analysis for 'cancelAllIPC'. (41 of 510)
  (stack analysis also involves cancelAllIPC_part_180, scheduleTCB_part_174, setThreadState_part_175)
Doing stack analysis for 'cancelAllIPC_part_180'. (42 of 510)
Doing stack analysis for 'cancelAllSignals'. (43 of 510)
  (stack analysis also involves cancelAllIPC_part_180, scheduleTCB_part_174, setThreadState_part_175)
Doing stack analysis for 'cancelBadgedSends'. (44 of 510)
  (stack analysis also involves scheduleTCB_part_174, setThreadState_part_175)
Doing stack analysis for 'cancelIPC'. (45 of 510)
  (stack analysis also involves scheduleTCB_part_174, setThreadState_part_175)
Doing stack analysis for 'cancelSignal'. (46 of 510)
  (stack analysis also involves scheduleTCB_part_174, setThreadState_part_175)
Doing stack analysis for 'capSwapForDelete'. (47 of 510)
  (stack analysis also involves capSwapForDelete_part_170)
Doing stack analysis for 'capSwapForDelete_part_170'. (48 of 510)
Doing stack analysis for 'char_to_long'. (49 of 510)
Doing stack analysis for 'checkValidIPCBuffer'. (50 of 510)
Doing stack analysis for 'chooseThread'. (51 of 510)
Doing stack analysis for 'cleanCacheRange_PoU'. (52 of 510)
Doing stack analysis for 'cleanCacheRange_RAM'. (53 of 510)
Doing stack analysis for 'cleanCaches_PoU'. (54 of 510)
Doing stack analysis for 'cleanInvalidateCacheRange_RAM'. (55 of 510)
Doing stack analysis for 'cleanInvalidateL1Caches'. (56 of 510)
Doing stack analysis for 'cleanInvalidate_D_PoC'. (57 of 510)
Aborting Problem (Function (cleanInvalidate_D_PoC)), complex loop
Doing stack analysis for 'cleanInvalidate_L1D'. (58 of 510)
Aborting Problem (Function (cleanInvalidate_L1D)), complex loop
Doing stack analysis for 'clean_D_PoU'. (59 of 510)
Aborting Problem (Function (clean_D_PoU)), complex loop
Doing stack analysis for 'completeSignal'. (60 of 510)
Doing stack analysis for 'configureIdleThread'. (61 of 510)
  (stack analysis also involves scheduleTCB_part_174, setThreadState_part_175)
Doing stack analysis for 'copyGlobalMappings'. (62 of 510)
Doing stack analysis for 'copyMRs'. (63 of 510)
  (stack analysis also involves copyMRs_part_188)
Doing stack analysis for 'copyMRs_part_188'. (64 of 510)
Doing stack analysis for 'cpu_iface_init'. (65 of 510)
Doing stack analysis for 'cpu_initLocalIRQController'. (66 of 510)
Doing stack analysis for 'createNewObjects'. (67 of 510)
Doing stack analysis for 'createObject'. (68 of 510)
Doing stack analysis for 'create_bi_frame_cap'. (69 of 510)
Doing stack analysis for 'create_device_untypeds'. (70 of 510)
Doing stack analysis for 'create_domain_cap'. (71 of 510)
Doing stack analysis for 'create_frames_of_region'. (72 of 510)
Doing stack analysis for 'create_idle_thread'. (73 of 510)
  (stack analysis also involves scheduleTCB_part_174, setThreadState_part_175)
Doing stack analysis for 'create_initial_thread'. (74 of 510)
  (stack analysis also involves scheduleTCB_part_174, setThreadState_part_175)
Doing stack analysis for 'create_ipcbuf_frame_cap'. (75 of 510)
Doing stack analysis for 'create_it_address_space'. (76 of 510)
Doing stack analysis for 'create_it_asid_pool'. (77 of 510)
Doing stack analysis for 'create_kernel_untypeds'. (78 of 510)
Doing stack analysis for 'create_mapped_it_frame_cap'. (79 of 510)
Doing stack analysis for 'create_root_cnode'. (80 of 510)
Doing stack analysis for 'create_rootserver_objects'. (81 of 510)
  (stack analysis also involves maybe_alloc_extra_bi_part_196)
Doing stack analysis for 'create_unmapped_it_frame_cap'. (82 of 510)
Doing stack analysis for 'create_untypeds_for_region'. (83 of 510)
Doing stack analysis for 'cteDelete'. (84 of 510)
Aborting Problem (Function (cteDelete)), complex loop
Doing stack analysis for 'cteDeleteOne'. (85 of 510)
Doing stack analysis for 'cteInsert'. (86 of 510)
Doing stack analysis for 'cteMove'. (87 of 510)
Doing stack analysis for 'cteRevoke'. (88 of 510)
  (stack analysis also involves preemptionPoint_part_169)
Doing stack analysis for 'cteSwap'. (89 of 510)
Doing stack analysis for 'decodeARMMMUInvocation'. (90 of 510)
  (stack analysis also involves makeUserPDE_constprop_200, scheduleTCB_part_174, setThreadState_part_175)
Traceback (most recent call last):
  File "/nix/store/b1d0dhfk83ravfjf7hhzpp4kynmmkyh1-source/graph-refine.py", line 31, in <module>
    args = target_objects.load_target_args ()
  File "/nix/store/b1d0dhfk83ravfjf7hhzpp4kynmmkyh1-source/target_objects.py", line 112, in load_target_args
    load_target (target, t_args)
  File "/nix/store/b1d0dhfk83ravfjf7hhzpp4kynmmkyh1-source/target_objects.py", line 89, in load_target
    import target
  File "./target.py", line 52, in <module>
    make_pairings ()
  File "./target.py", line 49, in make_pairings
    new_pairings = stack_logic.mk_stack_pairings (pairs, stack_bounds)
  File "/nix/store/b1d0dhfk83ravfjf7hhzpp4kynmmkyh1-source/stack_logic.py", line 1248, in mk_stack_pairings
    stack_bounds = compute_stack_bounds (quiet = quiet)
  File "/nix/store/b1d0dhfk83ravfjf7hhzpp4kynmmkyh1-source/stack_logic.py", line 1197, in compute_stack_bounds
    bounds = compute_asm_stack_bounds (asm_idents, asm_fs)
  File "/nix/store/b1d0dhfk83ravfjf7hhzpp4kynmmkyh1-source/stack_logic.py", line 827, in compute_asm_stack_bounds
    immed = compute_immediate_stack_bounds (idents, names)
  File "/nix/store/b1d0dhfk83ravfjf7hhzpp4kynmmkyh1-source/stack_logic.py", line 769, in compute_immediate_stack_bounds
    (offs, fn_offs) = guess_asm_stack_depth (fun)
  File "/nix/store/b1d0dhfk83ravfjf7hhzpp4kynmmkyh1-source/stack_logic.py", line 672, in guess_asm_stack_depth
    [(entry, sp, 'InitSP')], fail_early = True)
  File "/nix/store/b1d0dhfk83ravfjf7hhzpp4kynmmkyh1-source/stack_logic.py", line 223, in get_ptr_offsets
    assert not fail_early, (v, ptr)
AssertionError: ((141, Expr ('Var', Type ('Word', 32), name = 'r13')), 'r13_v_at_141_3758180796=0_i+1_3758181600=0_i+1_3758182952=0_i+1_3758183000=0_i+1_3758183312=0_i+1_3758183400=0_i+1_3758183448=0_i+1_3758184364=0_i+1_3758184544=0_i+1_3758184640=0_i+1_3758184684=0_i+1')

real    2m5.825s
user    2m10.921s
sys     0m13.223s
error: builder for '/nix/store/llddgfaks1gls4qhbfbhpbd8w80iqn3p-graph-refine-just-stack-bounds.drv' failed with exit code 1;
       last 10 log lines:
       >     (offs, fn_offs) = guess_asm_stack_depth (fun)
       >   File "/nix/store/b1d0dhfk83ravfjf7hhzpp4kynmmkyh1-source/stack_logic.py", line 672, in guess_asm_stack_depth
       >     [(entry, sp, 'InitSP')], fail_early = True)
       >   File "/nix/store/b1d0dhfk83ravfjf7hhzpp4kynmmkyh1-source/stack_logic.py", line 223, in get_ptr_offsets
       >     assert not fail_early, (v, ptr)
       > AssertionError: ((141, Expr ('Var', Type ('Word', 32), name = 'r13')), 'r13_v_at_141_3758180796=0_i+1_3758181600=0_i+1_3758182952=0_i+1_3758183000=0_i+1_3758183312=0_i+1_3758183400=0_i+1_3758183448=0_i+1_3758184364=0_i+1_3758184544=0_i+1_3758184640=0_i+1_3758184684=0_i+1')
       >
       > real     2m5.825s
       > user  2m10.921s
       > sys  0m13.223s
       For full logs, run 'nix log /nix/store/llddgfaks1gls4qhbfbhpbd8w80iqn3p-graph-refine-just-stack-bounds.drv'.
error: 1 dependencies of derivation '/nix/store/wmx3ism6vbmx2hn7q5v1g4vzzwlai5j1-graph-refine-all-with-new-solverlist.drv' failed to build
